-----------------------------------------------------------------------------

Input image     : /home/xkchen/figs_cp/SDSS_img_load/sat_SB_compare/obj_file/BCG_filled_cut_img_ra150.559_dec20.538_z0.324.fits[1:109,1:109] 
Init. par. file : /home/xkchen/test.feedfit 
Restart file    : galfit.01 
Output image    : /home/xkchen/figs_cp/SDSS_img_load/sat_SB_compare/obj_file/BCG_galfit_ra150.559_dec20.538_z0.324.fits 

 sersic    : (   56.41,    56.01)   18.81     *0.16*   0.09   *0.05*  -58.02
             (    0.00,     0.00)    0.00     *0.00*   0.00   *0.00*    0.00
 sky       : [ 55.00,  55.00]     1.39  [0.00e+00]  [0.00e+00]
                                  0.07  [0.00e+00]  [0.00e+00]
 Chi^2 = 24311.70208,  ndof = 11873
 Chi^2/nu = 2.048 

-----------------------------------------------------------------------------
-----------------------------------------------------------------------------

Input image     : /home/xkchen/figs_cp/SDSS_img_load/sat_SB_compare/obj_file/BCG_filled_cut_img_ra150.559_dec20.538_z0.324.fits[1:109,1:109] 
Init. par. file : /home/xkchen/test.feedfit 
Restart file    : galfit.02 
Output image    : /home/xkchen/figs_cp/SDSS_img_load/sat_SB_compare/obj_file/BCG_galfit_ra150.559_dec20.538_z0.324.fits 

 sersic    : (   56.41,    56.01)   18.81     *0.16*   0.09   *0.05*  -58.02
             (    0.00,     0.00)    0.00     *0.00*   0.00   *0.00*    0.00
 sky       : [ 55.00,  55.00]     1.39  [0.00e+00]  [0.00e+00]
                                  0.07  [0.00e+00]  [0.00e+00]
 Chi^2 = 24311.70208,  ndof = 11873
 Chi^2/nu = 2.048 

-----------------------------------------------------------------------------
-----------------------------------------------------------------------------

Input image     : /home/xkchen/figs_cp/SDSS_img_load/sat_SB_compare/obj_file/BCG_filled_cut_img_ra150.559_dec20.538_z0.324.fits[1:109,1:109] 
Init. par. file : /home/xkchen/test.feedfit 
Restart file    : galfit.03 
Output image    : /home/xkchen/figs_cp/SDSS_img_load/sat_SB_compare/obj_file/BCG_galfit_ra150.559_dec20.538_z0.324.fits 

 sersic    : (   56.41,    56.01)   18.81     *0.16*   0.09   *0.05*  -58.02
             (    0.00,     0.00)    0.00     *0.00*   0.00   *0.00*    0.00
 sky       : [ 55.00,  55.00]     1.39  [0.00e+00]  [0.00e+00]
                                  0.07  [0.00e+00]  [0.00e+00]
 Chi^2 = 24311.70208,  ndof = 11873
 Chi^2/nu = 2.048 

-----------------------------------------------------------------------------
-----------------------------------------------------------------------------

Input image     : /home/xkchen/figs_cp/SDSS_img_load/sat_SB_compare/obj_file/BCG_filled_cut_img_ra150.559_dec20.538_z0.324.fits[1:109,1:109] 
Init. par. file : /home/xkchen/test.feedfit 
Restart file    : galfit.04 
Output image    : /home/xkchen/figs_cp/SDSS_img_load/sat_SB_compare/obj_file/BCG_galfit_ra150.559_dec20.538_z0.324.fits 

 sersic    : (   56.58,    56.50)   12.38      6.93    1.41    0.78   -23.04
             (    0.02,     0.03)    0.02      0.21    0.04    0.01     2.43
 sky       : [ 55.00,  55.00]  8.30e-01  [0.00e+00]  [0.00e+00]
                                4.84e-02  [0.00e+00]  [0.00e+00]
 Chi^2 = 12531.69104,  ndof = 11873
 Chi^2/nu = 1.055 

-----------------------------------------------------------------------------
